INFO:root:[22:37:27] This is conodictor 2.1.3
INFO:root:[22:37:27] Localtime is 22:37:27
INFO:root:[22:37:29] Your file is not gzip compressed
INFO:root:[22:37:29] You provided protein fasta file
INFO:root:[22:37:29] Running HMM prediction
INFO:root:[22:37:29] Using hmmsearch v3.3
INFO:root:[22:37:30] Done with HMM prediction
INFO:root:[22:37:30] Running PSSM prediction
INFO:root:[22:37:30] Using pfscan v3.2.6
INFO:root:[22:37:30] Done with PSSM predictions
INFO:root:[22:37:30] Writing output
INFO:root:[22:37:30] Done with writing output.
INFO:root:[22:37:30] Classification finished successfully.
INFO:root:[22:37:30] Creating donut plot
INFO:root:[22:37:31] Done creating donut plot
INFO:root:[22:37:31] Creating zip file
INFO:root:[22:37:31] Done creating zip file
INFO:root:[22:37:31] Check ./res/CONODICTOR_ZDF8LX_20210215223621.zip folder for results
INFO:root:[22:37:31] Walltime used (hh:mm:ss.ms): 0:00:04.058396
INFO:root:[22:37:31] Nice to have you. Share, enjoy and come back!
INFO:rq.worker:[32mdefault[39;49;00m: [34mJob OK[39;49;00m (db8e5fdd-f0df-4a44-b553-e18e126540db)
INFO:rq.worker:Result is kept for 5000 seconds
